<?xml version="1.0" encoding="UTF-8"?>
<testsuite name="CliniqueManagementTestCases" tests="1" skipped="0" failures="0" errors="0" timestamp="2020-05-11T07:05:18" hostname="DESKTOP-7UGSU5P" time="0.111">
  <properties/>
  <testcase name="givenIdOfDoctorAndDate_WhenAppointmentsDone_ShouldReturnPopularSpecialization" classname="CliniqueManagementTestCases" time="0.111"/>
  <system-out><![CDATA[]]></system-out>
  <system-err><![CDATA[]]></system-err>
</testsuite>
